<?xml version="1.0" encoding="UTF-8"?>
<testng-results ignored="0" total="2" passed="2" failed="0" skipped="0">
  <reporter-output>
    <line>
      <![CDATA[----------Execution Started----------]]>
    </line>
    <line>
      <![CDATA[----------Execution Completed----------]]>
    </line>
  </reporter-output>
  <suite started-at="2023-10-17T12:53:57 IST" name="Suite" finished-at="2023-10-17T12:54:29 IST" duration-ms="31983">
    <groups>
    </groups>
    <test started-at="2023-10-17T12:53:57 IST" name="Test" finished-at="2023-10-17T12:54:29 IST" duration-ms="31983">
      <class name="com.ActiTime.scripts.TC1_ActitimeLoginLogout">
        <test-method is-config="true" signature="executionStart()[pri:0, instance:com.ActiTime.scripts.TC1_ActitimeLoginLogout@4466af20]" started-at="2023-10-17T12:53:57 IST" name="executionStart" finished-at="2023-10-17T12:53:57 IST" duration-ms="10" status="PASS">
          <reporter-output>
            <line>
              <![CDATA[----------Execution Started----------]]>
            </line>
          </reporter-output>
        </test-method> <!-- executionStart -->
        <test-method is-config="true" signature="setup()[pri:0, instance:com.ActiTime.scripts.TC1_ActitimeLoginLogout@4466af20]" started-at="2023-10-17T12:53:57 IST" name="setup" finished-at="2023-10-17T12:54:08 IST" duration-ms="10831" status="PASS">
          <reporter-output>
          </reporter-output>
        </test-method> <!-- setup -->
        <test-method signature="login()[pri:0, instance:com.ActiTime.scripts.TC1_ActitimeLoginLogout@4466af20]" started-at="2023-10-17T12:54:08 IST" name="login" finished-at="2023-10-17T12:54:18 IST" duration-ms="9805" status="PASS">
          <reporter-output>
          </reporter-output>
        </test-method> <!-- login -->
        <test-method signature="logout()[pri:0, instance:com.ActiTime.scripts.TC1_ActitimeLoginLogout@4466af20]" started-at="2023-10-17T12:54:18 IST" name="logout" finished-at="2023-10-17T12:54:28 IST" depends-on-methods="com.ActiTime.scripts.TC1_ActitimeLoginLogout.login" duration-ms="10740" status="PASS">
          <reporter-output>
          </reporter-output>
        </test-method> <!-- logout -->
        <test-method is-config="true" signature="teardown()[pri:0, instance:com.ActiTime.scripts.TC1_ActitimeLoginLogout@4466af20]" started-at="2023-10-17T12:54:28 IST" name="teardown" finished-at="2023-10-17T12:54:29 IST" duration-ms="555" status="PASS">
          <reporter-output>
          </reporter-output>
        </test-method> <!-- teardown -->
        <test-method is-config="true" signature="executionComplete()[pri:0, instance:com.ActiTime.scripts.TC1_ActitimeLoginLogout@4466af20]" started-at="2023-10-17T12:54:29 IST" name="executionComplete" finished-at="2023-10-17T12:54:29 IST" duration-ms="0" status="PASS">
          <reporter-output>
            <line>
              <![CDATA[----------Execution Completed----------]]>
            </line>
          </reporter-output>
        </test-method> <!-- executionComplete -->
      </class> <!-- com.ActiTime.scripts.TC1_ActitimeLoginLogout -->
    </test> <!-- Test -->
  </suite> <!-- Suite -->
</testng-results>
